<?xml version="1.0" encoding="UTF-8"?>
<!-- Generated by org.testng.reporters.JUnitReportReporter -->
<testsuite hostname="DESKTOP-BN9CENM" failures="0" tests="1" name="com.amaxinc.web.budget.testcases.BudgetAndVarianceHomePage" time="2.958" errors="0" timestamp="2021-07-14T08:47:54 CDT" skipped="0">
  <testcase classname="com.amaxinc.web.budget.testcases.BudgetAndVarianceHomePage" name="getPageTitleTest" time="2.958"/>
  <system-out/>
</testsuite> <!-- com.amaxinc.web.budget.testcases.BudgetAndVarianceHomePage -->
