<?xml version="1.0" encoding="UTF-8"?>
<!-- Generated by org.testng.reporters.JUnitReportReporter -->
<testsuite hostname="DESKTOP-BN9CENM" failures="0" tests="1" name="com.amaxinc.web.budget.BudgetAndVarianceHomePage" time="5.747" errors="0" timestamp="2021-07-12T16:26:37 CDT" skipped="0">
  <testcase classname="com.amaxinc.web.budget.BudgetAndVarianceHomePage" name="getPageTitleTest" time="5.747"/>
  <system-out/>
</testsuite> <!-- com.amaxinc.web.budget.BudgetAndVarianceHomePage -->
