<?xml version="1.0" encoding="UTF-8"?>
<!-- Generated by org.testng.reporters.JUnitReportReporter -->
<testsuite hostname="DESKTOP-BN9CENM" failures="0" tests="1" name="com.amaxweb.testcases.ReferralPageTest" time="5.314" errors="0" timestamp="2021-06-22T12:50:25 CDT" skipped="0">
  <testcase classname="com.amaxweb.testcases.ReferralPageTest" name="homePageTitleTest" time="5.314"/>
  <system-out/>
</testsuite> <!-- com.amaxweb.testcases.ReferralPageTest -->
