<?xml version="1.0" encoding="UTF-8"?>
<!-- Generated by org.testng.reporters.JUnitReportReporter -->
<<<<<<< HEAD
<testsuite hostname="DESKTOP-BN9CENM" failures="0" tests="1" name="com.amaxinsurance.testcases.RVQuotePageTitleTest" time="8.113" errors="0" timestamp="2021-11-29T09:41:01 CST" skipped="0">
  <testcase classname="com.amaxinsurance.testcases.RVQuotePageTitleTest" name="verifyRVQuotePageTitleTest" time="8.113"/>
=======
<testsuite hostname="IT-QA" failures="0" tests="1" name="com.amaxinsurance.testcases.RVQuotePageTitleTest" time="7.900" errors="0" timestamp="2021-08-20T11:52:08 CDT" skipped="0">
  <testcase classname="com.amaxinsurance.testcases.RVQuotePageTitleTest" name="verifyRVQuotePageTitleTest" time="7.900"/>
>>>>>>> 009d532fe0efe60492b80f78f6011945640b9d42
  <system-out/>
</testsuite> <!-- com.amaxinsurance.testcases.RVQuotePageTitleTest -->
