<?xml version="1.0" encoding="UTF-8"?>
<!-- Generated by org.testng.reporters.JUnitReportReporter -->
<<<<<<< HEAD
<testsuite hostname="DESKTOP-BN9CENM" failures="0" tests="1" name="com.amaxinsurance.testcases.ContactUsPageTitleTest" time="6.335" errors="0" timestamp="2021-11-29T09:41:01 CST" skipped="0">
  <testcase classname="com.amaxinsurance.testcases.ContactUsPageTitleTest" name="verifyContactUsPageTitletest" time="6.335"/>
=======
<testsuite hostname="IT-QA" failures="0" tests="1" name="com.amaxinsurance.testcases.ContactUsPageTitleTest" time="4.558" errors="0" timestamp="2021-08-20T11:52:08 CDT" skipped="0">
  <testcase classname="com.amaxinsurance.testcases.ContactUsPageTitleTest" name="verifyContactUsPageTitletest" time="4.558"/>
>>>>>>> 009d532fe0efe60492b80f78f6011945640b9d42
  <system-out/>
</testsuite> <!-- com.amaxinsurance.testcases.ContactUsPageTitleTest -->
