<?xml version="1.0" encoding="UTF-8"?>
<!-- Generated by org.testng.reporters.JUnitReportReporter -->
<<<<<<< HEAD
<testsuite hostname="DESKTOP-BN9CENM" failures="0" tests="2" name="com.audit.amaxinsurance.testcases.UnderwritinPortalLogInTest" time="9.217" errors="0" timestamp="2021-11-29T09:41:01 CST" skipped="0">
  <testcase classname="com.audit.amaxinsurance.testcases.UnderwritinPortalLogInTest" name="checkUnderWritingPageTitleTest" time="2.583"/>
  <system-out/>
  <testcase classname="com.audit.amaxinsurance.testcases.UnderwritinPortalLogInTest" name="loginUnderWritingPortalTest" time="6.634"/>
=======
<testsuite hostname="IT-QA" failures="0" tests="2" name="com.audit.amaxinsurance.testcases.UnderwritinPortalLogInTest" time="9.113" errors="0" timestamp="2021-08-20T11:52:08 CDT" skipped="0">
  <testcase classname="com.audit.amaxinsurance.testcases.UnderwritinPortalLogInTest" name="checkUnderWritingPageTitleTest" time="3.090"/>
  <system-out/>
  <testcase classname="com.audit.amaxinsurance.testcases.UnderwritinPortalLogInTest" name="loginUnderWritingPortalTest" time="6.023"/>
>>>>>>> 009d532fe0efe60492b80f78f6011945640b9d42
  <system-out/>
</testsuite> <!-- com.audit.amaxinsurance.testcases.UnderwritinPortalLogInTest -->
