<?xml version="1.0" encoding="UTF-8"?>
<!-- Generated by org.testng.reporters.JUnitReportReporter -->
<testsuite hostname="DESKTOP-BN9CENM" failures="0" tests="2" name="com.ilead.amaxinsurance.AgentLoginPageTest" time="14.074" errors="0" timestamp="2021-07-13T16:47:08 CDT" skipped="0">
  <testcase classname="com.ilead.amaxinsurance.AgentLoginPageTest" name="verifyIleadLoginPageTitleTest" time="4.624"/>
  <system-out/>
  <testcase classname="com.ilead.amaxinsurance.AgentLoginPageTest" name="verifyIleadAgentPageTitleTest" time="9.450"/>
  <system-out/>
</testsuite> <!-- com.ilead.amaxinsurance.AgentLoginPageTest -->
