<?xml version="1.0" encoding="UTF-8"?>
<!-- Generated by org.testng.reporters.JUnitReportReporter -->
<testsuite hostname="DESKTOP-BN9CENM" failures="0" tests="1" name="RVQuotePageTitleTest" time="9.493" errors="0" timestamp="2021-07-08T23:15:08 CDT" skipped="0">
  <testcase classname="RVQuotePageTitleTest" name="verifyHomeownersQuotepageTitleTest" time="9.493"/>
  <system-out/>
</testsuite> <!-- RVQuotePageTitleTest -->
