<?xml version="1.0" encoding="UTF-8"?>
<!-- Generated by org.testng.reporters.JUnitReportReporter -->
<testsuite hostname="DESKTOP-BN9CENM" failures="0" tests="1" name="com.amaxincwebbudget.BudgetAndVarianceHomePage" time="7.103" errors="0" timestamp="2021-07-12T16:16:54 CDT" skipped="0">
  <testcase classname="com.amaxincwebbudget.BudgetAndVarianceHomePage" name="getPageTitleTest" time="7.103"/>
  <system-out/>
</testsuite> <!-- com.amaxincwebbudget.BudgetAndVarianceHomePage -->
