<?xml version="1.0" encoding="UTF-8"?>
<!-- Generated by org.testng.reporters.JUnitReportReporter -->
<<<<<<< HEAD
<testsuite hostname="DESKTOP-BN9CENM" failures="0" tests="2" name="com.powerbi.amaxinsurance.testcases.MaxBiUpAndRunningTest" time="40.149" errors="0" timestamp="2021-11-29T09:41:01 CST" skipped="0">
  <testcase classname="com.powerbi.amaxinsurance.testcases.MaxBiUpAndRunningTest" name="verifyLogInTest" time="17.012"/>
  <system-out/>
  <testcase classname="com.powerbi.amaxinsurance.testcases.MaxBiUpAndRunningTest" name="verifyLiveDataUpAndRunningTest" time="23.137"/>
=======
<testsuite hostname="IT-QA" failures="0" tests="2" name="com.powerbi.amaxinsurance.testcases.MaxBiUpAndRunningTest" time="21.796" errors="0" timestamp="2021-08-20T11:52:08 CDT" skipped="0">
  <testcase classname="com.powerbi.amaxinsurance.testcases.MaxBiUpAndRunningTest" name="verifyLiveDataUpAndRunningTest" time="11.845"/>
  <system-out/>
  <testcase classname="com.powerbi.amaxinsurance.testcases.MaxBiUpAndRunningTest" name="verifyLogInTest" time="9.951"/>
>>>>>>> 009d532fe0efe60492b80f78f6011945640b9d42
  <system-out/>
</testsuite> <!-- com.powerbi.amaxinsurance.testcases.MaxBiUpAndRunningTest -->
