<?xml version="1.0" encoding="UTF-8"?>
<!-- Generated by org.testng.reporters.JUnitReportReporter -->
<testsuite hostname="DESKTOP-BN9CENM" failures="0" tests="1" name="com.amaxweb.testcases.FindAnOfficePageTest" time="7.262" errors="0" timestamp="2021-06-23T10:37:53 CDT" skipped="0">
  <testcase classname="com.amaxweb.testcases.FindAnOfficePageTest" name="verifyFindAnOfficeTitleTest" time="7.262"/>
  <system-out/>
</testsuite> <!-- com.amaxweb.testcases.FindAnOfficePageTest -->
