<?xml version="1.0" encoding="UTF-8"?>
<!-- Generated by org.testng.reporters.JUnitReportReporter -->
<testsuite hostname="DESKTOP-BN9CENM" failures="0" tests="1" name="com.ref.amaxinsurance.winback.PageTitleTest" time="8.650" errors="0" timestamp="2021-07-27T13:01:43 CDT" skipped="0">
  <testcase classname="com.ref.amaxinsurance.winback.PageTitleTest" name="pageTitleWinbackTest" time="8.650"/>
  <system-out/>
</testsuite> <!-- com.ref.amaxinsurance.winback.PageTitleTest -->
