<?xml version="1.0" encoding="UTF-8"?>
<!-- Generated by org.testng.reporters.JUnitReportReporter -->
<testsuite hostname="DESKTOP-BN9CENM" failures="0" tests="2" name="underwritingportaltestcases.UnderwritinPortalLogInTest" time="9.049" errors="0" timestamp="2021-06-22T11:18:07 CDT" skipped="0">
  <testcase classname="underwritingportaltestcases.UnderwritinPortalLogInTest" name="loginUnderWritingPortalTest" time="6.566"/>
  <system-out/>
  <testcase classname="underwritingportaltestcases.UnderwritinPortalLogInTest" name="checkUnderWritingPageTitleTest" time="2.483"/>
  <system-out/>
</testsuite> <!-- underwritingportaltestcases.UnderwritinPortalLogInTest -->
