<?xml version="1.0" encoding="UTF-8"?>
<!-- Generated by org.testng.reporters.JUnitReportReporter -->
<<<<<<< HEAD
<testsuite hostname="DESKTOP-BN9CENM" failures="0" tests="3" name="com.ilead.amaxinsurance.testcases.AgentLoginPageTest" time="1.880" errors="1" timestamp="2021-11-29T09:20:46 CST" skipped="2">
  <testcase classname="com.ilead.amaxinsurance.testcases.AgentLoginPageTest" name="verifyIleadAgentPageTitleTest" time="0.000">
    <skipped/>
  </testcase> <!-- verifyIleadAgentPageTitleTest -->
  <system-out/>
  <testcase classname="com.ilead.amaxinsurance.testcases.AgentLoginPageTest" name="setUp" time="1.880">
    <error message="session not created: This version of ChromeDriver only supports Chrome version 94
Current browser version is 96.0.4664.45 with binary path C:\Program Files (x86)\Google\Chrome\Application\chrome.exe
Build info: version: &#039;3.141.59&#039;, revision: &#039;e82be7d358&#039;, time: &#039;2018-11-14T08:17:03&#039;
System info: host: &#039;DESKTOP-BN9CENM&#039;, ip: &#039;192.168.56.1&#039;, os.name: &#039;Windows 10&#039;, os.arch: &#039;amd64&#039;, os.version: &#039;10.0&#039;, java.version: &#039;11.0.10&#039;
Driver info: driver.version: ChromeDriver
remote stacktrace: Backtrace:
	Ordinal0 [0x00DFBDE3+2473443]
	Ordinal0 [0x00D96661+2057825]
	Ordinal0 [0x00CA2438+1057848]
	Ordinal0 [0x00CC054A+1181002]
	Ordinal0 [0x00CBC435+1164341]
	Ordinal0 [0x00CB9CAF+1154223]
	Ordinal0 [0x00CE9ADF+1350367]
	Ordinal0 [0x00CE974A+1349450]
	Ordinal0 [0x00CE55AB+1332651]
	Ordinal0 [0x00CC2104+1188100]
	Ordinal0 [0x00CC2F59+1191769]
	GetHandleVerifier [0x00F82266+1549718]
	GetHandleVerifier [0x0102D4A7+2250711]
	GetHandleVerifier [0x00E8718B+521403]
	GetHandleVerifier [0x00E86229+517465]
	Ordinal0 [0x00D9B79D+2078621]
	Ordinal0 [0x00D9FB58+2095960]
	Ordinal0 [0x00D9FC92+2096274]
	Ordinal0 [0x00DA9541+2135361]
	BaseThreadInitThunk [0x74F2FA29+25]
	RtlGetAppContainerNamedObjectPath [0x76FB7A9E+286]
	RtlGetAppContainerNamedObjectPath [0x76FB7A6E+238]
" type="org.openqa.selenium.SessionNotCreatedException">
      <![CDATA[org.openqa.selenium.SessionNotCreatedException: session not created: This version of ChromeDriver only supports Chrome version 94
Current browser version is 96.0.4664.45 with binary path C:\Program Files (x86)\Google\Chrome\Application\chrome.exe
Build info: version: '3.141.59', revision: 'e82be7d358', time: '2018-11-14T08:17:03'
System info: host: 'DESKTOP-BN9CENM', ip: '192.168.56.1', os.name: 'Windows 10', os.arch: 'amd64', os.version: '10.0', java.version: '11.0.10'
Driver info: driver.version: ChromeDriver
remote stacktrace: Backtrace:
Ordinal0 [0x00DFBDE3+2473443]
Ordinal0 [0x00D96661+2057825]
Ordinal0 [0x00CA2438+1057848]
Ordinal0 [0x00CC054A+1181002]
Ordinal0 [0x00CBC435+1164341]
Ordinal0 [0x00CB9CAF+1154223]
Ordinal0 [0x00CE9ADF+1350367]
Ordinal0 [0x00CE974A+1349450]
Ordinal0 [0x00CE55AB+1332651]
Ordinal0 [0x00CC2104+1188100]
Ordinal0 [0x00CC2F59+1191769]
GetHandleVerifier [0x00F82266+1549718]
GetHandleVerifier [0x0102D4A7+2250711]
GetHandleVerifier [0x00E8718B+521403]
GetHandleVerifier [0x00E86229+517465]
Ordinal0 [0x00D9B79D+2078621]
Ordinal0 [0x00D9FB58+2095960]
Ordinal0 [0x00D9FC92+2096274]
Ordinal0 [0x00DA9541+2135361]
BaseThreadInitThunk [0x74F2FA29+25]
RtlGetAppContainerNamedObjectPath [0x76FB7A9E+286]
RtlGetAppContainerNamedObjectPath [0x76FB7A6E+238]

at java.base/jdk.internal.reflect.NativeConstructorAccessorImpl.newInstance0(Native Method)
at java.base/jdk.internal.reflect.NativeConstructorAccessorImpl.newInstance(NativeConstructorAccessorImpl.java:62)
at java.base/jdk.internal.reflect.DelegatingConstructorAccessorImpl.newInstance(DelegatingConstructorAccessorImpl.java:45)
at java.base/java.lang.reflect.Constructor.newInstance(Constructor.java:490)
at org.openqa.selenium.remote.W3CHandshakeResponse.lambda$errorHandler$0(W3CHandshakeResponse.java:62)
at org.openqa.selenium.remote.HandshakeResponse.lambda$getResponseFunction$0(HandshakeResponse.java:30)
at org.openqa.selenium.remote.ProtocolHandshake.lambda$createSession$0(ProtocolHandshake.java:126)
at java.base/java.util.stream.ReferencePipeline$3$1.accept(ReferencePipeline.java:195)
at java.base/java.util.Spliterators$ArraySpliterator.tryAdvance(Spliterators.java:958)
at java.base/java.util.stream.ReferencePipeline.forEachWithCancel(ReferencePipeline.java:127)
at java.base/java.util.stream.AbstractPipeline.copyIntoWithCancel(AbstractPipeline.java:502)
at java.base/java.util.stream.AbstractPipeline.copyInto(AbstractPipeline.java:488)
at java.base/java.util.stream.AbstractPipeline.wrapAndCopyInto(AbstractPipeline.java:474)
at java.base/java.util.stream.FindOps$FindOp.evaluateSequential(FindOps.java:150)
at java.base/java.util.stream.AbstractPipeline.evaluate(AbstractPipeline.java:234)
at java.base/java.util.stream.ReferencePipeline.findFirst(ReferencePipeline.java:543)
at org.openqa.selenium.remote.ProtocolHandshake.createSession(ProtocolHandshake.java:128)
at org.openqa.selenium.remote.ProtocolHandshake.createSession(ProtocolHandshake.java:74)
at org.openqa.selenium.remote.HttpCommandExecutor.execute(HttpCommandExecutor.java:136)
at org.openqa.selenium.remote.service.DriverCommandExecutor.execute(DriverCommandExecutor.java:83)
at org.openqa.selenium.remote.RemoteWebDriver.execute(RemoteWebDriver.java:552)
at org.openqa.selenium.remote.RemoteWebDriver.startSession(RemoteWebDriver.java:213)
at org.openqa.selenium.remote.RemoteWebDriver.<init>(RemoteWebDriver.java:131)
at org.openqa.selenium.chrome.ChromeDriver.<init>(ChromeDriver.java:181)
at org.openqa.selenium.chrome.ChromeDriver.<init>(ChromeDriver.java:168)
at org.openqa.selenium.chrome.ChromeDriver.<init>(ChromeDriver.java:123)
at com.ilead.amaxinsurance.testcases.AgentLoginPageTest.setUp(AgentLoginPageTest.java:21)
at java.base/jdk.internal.reflect.NativeMethodAccessorImpl.invoke0(Native Method)
at java.base/jdk.internal.reflect.NativeMethodAccessorImpl.invoke(NativeMethodAccessorImpl.java:62)
at java.base/jdk.internal.reflect.DelegatingMethodAccessorImpl.invoke(DelegatingMethodAccessorImpl.java:43)
at java.base/java.lang.reflect.Method.invoke(Method.java:566)
at org.testng.internal.MethodInvocationHelper.invokeMethod(MethodInvocationHelper.java:133)
at org.testng.internal.MethodInvocationHelper.invokeMethodConsideringTimeout(MethodInvocationHelper.java:62)
at org.testng.internal.ConfigInvoker.invokeConfigurationMethod(ConfigInvoker.java:385)
at org.testng.internal.ConfigInvoker.invokeConfigurations(ConfigInvoker.java:321)
at org.testng.internal.TestInvoker.runConfigMethods(TestInvoker.java:700)
at org.testng.internal.TestInvoker.invokeMethod(TestInvoker.java:527)
at org.testng.internal.TestInvoker.invokeTestMethod(TestInvoker.java:173)
at org.testng.internal.MethodRunner.runInSequence(MethodRunner.java:46)
at org.testng.internal.TestInvoker$MethodInvocationAgent.invoke(TestInvoker.java:824)
at org.testng.internal.TestInvoker.invokeTestMethods(TestInvoker.java:146)
at org.testng.internal.TestMethodWorker.invokeTestMethods(TestMethodWorker.java:146)
at org.testng.internal.TestMethodWorker.run(TestMethodWorker.java:128)
at java.base/java.util.ArrayList.forEach(ArrayList.java:1541)
at org.testng.TestRunner.privateRun(TestRunner.java:794)
at org.testng.TestRunner.run(TestRunner.java:596)
at org.testng.SuiteRunner.runTest(SuiteRunner.java:377)
at org.testng.SuiteRunner.access$000(SuiteRunner.java:28)
at org.testng.SuiteRunner$SuiteWorker.run(SuiteRunner.java:418)
at org.testng.internal.thread.ThreadUtil.lambda$execute$0(ThreadUtil.java:64)
at java.base/java.util.concurrent.FutureTask.run(FutureTask.java:264)
at java.base/java.util.concurrent.ThreadPoolExecutor.runWorker(ThreadPoolExecutor.java:1128)
at java.base/java.util.concurrent.ThreadPoolExecutor$Worker.run(ThreadPoolExecutor.java:628)
at java.base/java.lang.Thread.run(Thread.java:834)
]]>
    </error>
  </testcase> <!-- setUp -->
  <system-out/>
  <testcase classname="com.ilead.amaxinsurance.testcases.AgentLoginPageTest" name="verifyIleadLoginPageTitleTest" time="0.000">
    <skipped/>
  </testcase> <!-- verifyIleadLoginPageTitleTest -->
=======
<testsuite hostname="IT-QA" failures="0" tests="2" name="com.ilead.amaxinsurance.testcases.AgentLoginPageTest" time="12.638" errors="0" timestamp="2021-08-20T11:52:08 CDT" skipped="0">
  <testcase classname="com.ilead.amaxinsurance.testcases.AgentLoginPageTest" name="verifyIleadAgentPageTitleTest" time="9.444"/>
  <system-out/>
  <testcase classname="com.ilead.amaxinsurance.testcases.AgentLoginPageTest" name="verifyIleadLoginPageTitleTest" time="3.194"/>
>>>>>>> 009d532fe0efe60492b80f78f6011945640b9d42
  <system-out/>
</testsuite> <!-- com.ilead.amaxinsurance.testcases.AgentLoginPageTest -->
