<?xml version="1.0" encoding="UTF-8"?>
<!-- Generated by org.testng.reporters.JUnitReportReporter -->
<testsuite hostname="DESKTOP-BN9CENM" failures="0" tests="1" name="maxbitestcases.MaxBiUpAndRunningTest" time="40.291" errors="0" timestamp="2021-06-22T11:18:06 CDT" skipped="0">
  <testcase classname="maxbitestcases.MaxBiUpAndRunningTest" name="verifyLogInTest" time="40.291"/>
  <system-out/>
</testsuite> <!-- maxbitestcases.MaxBiUpAndRunningTest -->
