<?xml version="1.0" encoding="UTF-8"?>
<!-- Generated by org.testng.reporters.JUnitReportReporter -->
<testsuite hostname="DESKTOP-BN9CENM" failures="0" tests="1" name="com.amaxweb.testcases.MotorcycleQuotePageTest" time="4.911" errors="0" timestamp="2021-06-22T12:50:25 CDT" skipped="0">
  <testcase classname="com.amaxweb.testcases.MotorcycleQuotePageTest" name="verifyMotorcyclePageTitleTest" time="4.911"/>
  <system-out/>
</testsuite> <!-- com.amaxweb.testcases.MotorcycleQuotePageTest -->
