<?xml version="1.0" encoding="UTF-8"?>
<!-- Generated by org.testng.reporters.JUnitReportReporter -->
<testsuite hostname="DESKTOP-BN9CENM" failures="0" tests="3" name="com.amaxweb.testcases.HomePageTest" time="34.742" errors="0" timestamp="2021-06-21T13:31:18 CDT" skipped="2">
  <testcase classname="com.amaxweb.testcases.HomePageTest" name="getQuoteManuallyTest" time="34.742"/>
  <system-out/>
  <testcase classname="com.amaxweb.testcases.HomePageTest" name="homePageTitleTest">
    <skipped/>
  </testcase> <!-- homePageTitleTest -->
  <system-out/>
  <testcase classname="com.amaxweb.testcases.HomePageTest" name="getQuoteInputDlTest">
    <skipped/>
  </testcase> <!-- getQuoteInputDlTest -->
  <system-out/>
</testsuite> <!-- com.amaxweb.testcases.HomePageTest -->
